<?xml version="1.0" encoding="UTF-8"?>
<testng-results ignored="0" total="1" passed="1" failed="0" skipped="0">
  <reporter-output>
  </reporter-output>
  <suite started-at="2025-02-07T16:23:10 IST" name="Default suite" finished-at="2025-02-07T16:23:25 IST" duration-ms="14982">
    <groups>
    </groups>
    <test started-at="2025-02-07T16:23:10 IST" name="Default test" finished-at="2025-02-07T16:23:25 IST" duration-ms="14982">
      <class name="com.tkb.profile.AmazonTitleTest">
        <test-method is-config="true" signature="setUp()[pri:0, instance:com.tkb.profile.AmazonTitleTest@550dbc7a]" started-at="2025-02-07T16:23:10 IST" name="setUp" finished-at="2025-02-07T16:23:13 IST" duration-ms="2316" status="PASS">
          <reporter-output>
          </reporter-output>
        </test-method> <!-- setUp -->
        <test-method signature="verifyAmazonTitle()[pri:0, instance:com.tkb.profile.AmazonTitleTest@550dbc7a]" started-at="2025-02-07T16:23:13 IST" name="verifyAmazonTitle" finished-at="2025-02-07T16:23:25 IST" duration-ms="12585" status="PASS">
          <reporter-output>
          </reporter-output>
        </test-method> <!-- verifyAmazonTitle -->
        <test-method is-config="true" signature="tearDown()[pri:0, instance:com.tkb.profile.AmazonTitleTest@550dbc7a]" started-at="2025-02-07T16:23:25 IST" name="tearDown" finished-at="2025-02-07T16:23:25 IST" duration-ms="1" status="PASS">
          <reporter-output>
          </reporter-output>
        </test-method> <!-- tearDown -->
      </class> <!-- com.tkb.profile.AmazonTitleTest -->
    </test> <!-- Default test -->
  </suite> <!-- Default suite -->
</testng-results>
